[debug] [2022-12-31T19:39:48.953Z] ----------------------------------------------------------------------
[debug] [2022-12-31T19:39:48.955Z] Command:       /usr/local/bin/node /usr/local/bin/firebase init
[debug] [2022-12-31T19:39:48.955Z] CLI Version:   11.19.0
[debug] [2022-12-31T19:39:48.956Z] Platform:      darwin
[debug] [2022-12-31T19:39:48.956Z] Node Version:  v18.12.1
[debug] [2022-12-31T19:39:48.957Z] Time:          Sat Dec 31 2022 19:39:48 GMT+0000 (Greenwich Mean Time)
[debug] [2022-12-31T19:39:48.957Z] ----------------------------------------------------------------------
[debug] 
[debug] [2022-12-31T19:39:48.965Z] > command requires scopes: ["email","openid","https://www.googleapis.com/auth/cloudplatformprojects.readonly","https://www.googleapis.com/auth/firebase","https://www.googleapis.com/auth/cloud-platform"]
[debug] [2022-12-31T19:39:48.965Z] > authorizing via signed-in user (alhassannartor@gmail.com)
[info] 
     ######## #### ########  ######## ########     ###     ######  ########
     ##        ##  ##     ## ##       ##     ##  ##   ##  ##       ##
     ######    ##  ########  ######   ########  #########  ######  ######
     ##        ##  ##    ##  ##       ##     ## ##     ##       ## ##
     ##       #### ##     ## ######## ########  ##     ##  ######  ########

You're about to initialize a Firebase project in this directory:

  /Users/apple2022/Desktop/google-clone

[info] 
=== Project Setup
[info] 
[info] First, let's associate this project directory with a Firebase project.
[info] You can create multiple project aliases by running firebase use --add, 
[info] but for now we'll just set up a default project.
[info] 
[debug] [2022-12-31T19:40:20.971Z] >>> [apiv2][query] GET https://firebase.googleapis.com/v1beta1/projects pageSize=100
[debug] [2022-12-31T19:40:22.002Z] <<< [apiv2][status] GET https://firebase.googleapis.com/v1beta1/projects 200
[debug] [2022-12-31T19:40:22.002Z] <<< [apiv2][body] GET https://firebase.googleapis.com/v1beta1/projects [omitted]
[info] i  Using project clone-d3a1e (google-clone) 
[info] 
=== Hosting Setup
[info] 
[info] Your public directory is the folder (relative to your project directory) that
[info] will contain Hosting assets to be uploaded with firebase deploy. If you
[info] have a build process for your assets, use your build's output directory.
[info] 
[debug] [2022-12-31T19:42:29.222Z] >>> [apiv2][query] GET https://www.gstatic.com/firebasejs/releases.json [none]
[debug] [2022-12-31T19:42:30.169Z] <<< [apiv2][status] GET https://www.gstatic.com/firebasejs/releases.json 200
[debug] [2022-12-31T19:42:30.169Z] <<< [apiv2][body] GET https://www.gstatic.com/firebasejs/releases.json {"current":{"version":"9.15.0","browserURL":"https://www.gstatic.com/firebasejs/9.15.0/firebase.js","packageURL":"https://www.gstatic.com/firebasejs/9.15.0/firebase.tgz"},"live":{"version":"9.15","browserURL":"https://www.gstatic.com/firebasejs/live/9.15/firebase.js","packageURL":"https://www.gstatic.com/firebasejs/live/9.15/firebase.tgz"},"components":{"analytics":"https://www.gstatic.com/firebasejs/9.15.0/firebase-analytics.js","app":"https://www.gstatic.com/firebasejs/9.15.0/firebase-app.js","app-check":"https://www.gstatic.com/firebasejs/9.15.0/firebase-app-check.js","auth":"https://www.gstatic.com/firebasejs/9.15.0/firebase-auth.js","auth/cordova":"https://www.gstatic.com/firebasejs/9.15.0/firebase-auth/cordova.js","auth/react-native":"https://www.gstatic.com/firebasejs/9.15.0/firebase-auth/react-native.js","functions":"https://www.gstatic.com/firebasejs/9.15.0/firebase-functions.js","firestore":"https://www.gstatic.com/firebasejs/9.15.0/firebase-firestore.js","firestore/lite":"https://www.gstatic.com/firebasejs/9.15.0/firebase-firestore/lite.js","installations":"https://www.gstatic.com/firebasejs/9.15.0/firebase-installations.js","storage":"https://www.gstatic.com/firebasejs/9.15.0/firebase-storage.js","performance":"https://www.gstatic.com/firebasejs/9.15.0/firebase-performance.js","remote-config":"https://www.gstatic.com/firebasejs/9.15.0/firebase-remote-config.js","messaging":"https://www.gstatic.com/firebasejs/9.15.0/firebase-messaging.js","messaging/sw":"https://www.gstatic.com/firebasejs/9.15.0/firebase-messaging/sw.js","database":"https://www.gstatic.com/firebasejs/9.15.0/firebase-database.js","firestore.memory":"https://www.gstatic.com/firebasejs/9.15.0/firebase-firestore.memory.js"}}
[info] ✔  Wrote build/index.html 
[info] 
[info] i  Detected a .git folder at /Users/apple2022/Desktop/google-clone 
[info] i  Authorizing with GitHub to upload your service account to a GitHub repository's secrets store. 
[info] 
[info] Visit this URL on this device to log in:
[info] https://github.com/login/oauth/authorize?client_id=89cf50f02ac6aaed3484&state=933159413&redirect_uri=http%3A%2F%2Flocalhost%3A9005&scope=read%3Auser%20repo%20public_repo
[info] 
[info] Waiting for authentication...
[debug] [2022-12-31T19:42:52.117Z] >>> [apiv2][query] POST https://github.com/login/oauth/access_token [none]
[debug] [2022-12-31T19:42:52.117Z] >>> [apiv2][body] POST https://github.com/login/oauth/access_token [stream]
[debug] [2022-12-31T19:42:52.756Z] <<< [apiv2][status] POST https://github.com/login/oauth/access_token 200
[debug] [2022-12-31T19:42:52.757Z] <<< [apiv2][body] POST https://github.com/login/oauth/access_token {"access_token":"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","token_type":"bearer","scope":"read:user,repo"}
[debug] [2022-12-31T19:42:52.784Z] >>> [apiv2][query] GET https://api.github.com/user [none]
[debug] [2022-12-31T19:42:53.501Z] <<< [apiv2][status] GET https://api.github.com/user 200
[debug] [2022-12-31T19:42:53.502Z] <<< [apiv2][body] GET https://api.github.com/user {"login":"nartorcs50","id":97854067,"node_id":"U_kgDOBdUicw","avatar_url":"https://avatars.githubusercontent.com/u/97854067?v=4","gravatar_id":"","url":"https://api.github.com/users/nartorcs50","html_url":"https://github.com/nartorcs50","followers_url":"https://api.github.com/users/nartorcs50/followers","following_url":"https://api.github.com/users/nartorcs50/following{/other_user}","gists_url":"https://api.github.com/users/nartorcs50/gists{/gist_id}","starred_url":"https://api.github.com/users/nartorcs50/starred{/owner}{/repo}","subscriptions_url":"https://api.github.com/users/nartorcs50/subscriptions","organizations_url":"https://api.github.com/users/nartorcs50/orgs","repos_url":"https://api.github.com/users/nartorcs50/repos","events_url":"https://api.github.com/users/nartorcs50/events{/privacy}","received_events_url":"https://api.github.com/users/nartorcs50/received_events","type":"User","site_admin":false,"name":"Alhassan Nartor","company":null,"blog":"","location":null,"email":null,"hireable":null,"bio":"Front-end  Developer","twitter_username":null,"public_repos":12,"public_gists":0,"followers":0,"following":0,"created_at":"2022-01-16T21:08:23Z","updated_at":"2022-12-27T11:38:23Z","private_gists":0,"total_private_repos":6,"owned_private_repos":6,"disk_usage":10259,"collaborators":0,"two_factor_authentication":false,"plan":{"name":"free","space":976562499,"collaborators":0,"private_repos":10000}}
[info] 
[info] ✔  Success! Logged into GitHub as nartorcs50 
[info] 
